<?xml version="1.0" encoding="UTF-8"?>
<testsuite name="testNG test1"
           tests="1"
           failures="1"
           errors="0"
           skipped="0"
           time="63,112">
  <properties />
            <testcase name="testFilterPrice" time="63,112" classname="com.epam.preproduction.tests.CheckPriceFilterTest">
                <failure type="org.openqa.selenium.NoSuchWindowException"
                  message="Window not found. The browser window may have been closed.
Command duration or timeout: 117 milliseconds
Build info: version: &apos;2.35.0&apos;, revision: &apos;8df0c6bedf70ff9f22c647788f9fe9c8d22210e2&apos;, time: &apos;2013-08-17 12:46:41&apos;
System info: os.name: &apos;Windows 7&apos;, os.arch: &apos;x86&apos;, os.version: &apos;6.1&apos;, java.version: &apos;1.7.0_25&apos;
Session ID: 4de0cac7-4fbc-4c27-b934-21c7eb48e718
Driver info: org.openqa.selenium.firefox.FirefoxDriver
Capabilities [{platform=XP, databaseEnabled=true, cssSelectorsEnabled=true, javascriptEnabled=true, acceptSslCerts=true, handlesAlerts=true, browserName=firefox, browserConnectionEnabled=true, nativeEvents=true, webStorageEnabled=true, rotatable=false, locationContextEnabled=true, applicationCacheEnabled=true, takesScreenshot=true, version=25.0}]"
              >
<![CDATA[org.openqa.selenium.NoSuchWindowException: Window not found. The browser window may have been closed.
Command duration or timeout: 117 milliseconds
Build info: version: '2.35.0', revision: '8df0c6bedf70ff9f22c647788f9fe9c8d22210e2', time: '2013-08-17 12:46:41'
System info: os.name: 'Windows 7', os.arch: 'x86', os.version: '6.1', java.version: '1.7.0_25'
Session ID: 4de0cac7-4fbc-4c27-b934-21c7eb48e718
Driver info: org.openqa.selenium.firefox.FirefoxDriver
Capabilities [{platform=XP, databaseEnabled=true, cssSelectorsEnabled=true, javascriptEnabled=true, acceptSslCerts=true, handlesAlerts=true, browserName=firefox, browserConnectionEnabled=true, nativeEvents=true, webStorageEnabled=true, rotatable=false, locationContextEnabled=true, applicationCacheEnabled=true, takesScreenshot=true, version=25.0}]
  sun.reflect.NativeConstructorAccessorImpl.newInstance0(Native Method)
  sun.reflect.NativeConstructorAccessorImpl.newInstance(Unknown Source)
  sun.reflect.DelegatingConstructorAccessorImpl.newInstance(Unknown Source)
  java.lang.reflect.Constructor.newInstance(Unknown Source)
  org.openqa.selenium.remote.ErrorHandler.createThrowable(ErrorHandler.java:191)
  org.openqa.selenium.remote.ErrorHandler.throwIfResponseFailed(ErrorHandler.java:145)
  org.openqa.selenium.remote.RemoteWebDriver.execute(RemoteWebDriver.java:554)
  org.openqa.selenium.remote.RemoteWebElement.execute(RemoteWebElement.java:268)
  org.openqa.selenium.remote.RemoteWebElement.getText(RemoteWebElement.java:152)
  sun.reflect.GeneratedMethodAccessor5.invoke(Unknown Source)
  sun.reflect.DelegatingMethodAccessorImpl.invoke(Unknown Source)
  java.lang.reflect.Method.invoke(Unknown Source)
  org.openqa.selenium.support.pagefactory.internal.LocatingElementHandler.invoke(LocatingElementHandler.java:41)
  com.sun.proxy.$Proxy8.getText(Unknown Source)
  com.epam.preproduction.helpers.PriceFilterTestHelper.grabItems(PriceFilterTestHelper.java:93)
  com.epam.preproduction.helpers.PriceFilterTestHelper.verifyPriceFilter(PriceFilterTestHelper.java:33)
  com.epam.preproduction.tests.CheckPriceFilterTest.testFilterPrice(CheckPriceFilterTest.java:41)
  sun.reflect.NativeMethodAccessorImpl.invoke0(Native Method)
  sun.reflect.NativeMethodAccessorImpl.invoke(Unknown Source)
  sun.reflect.DelegatingMethodAccessorImpl.invoke(Unknown Source)
  java.lang.reflect.Method.invoke(Unknown Source)
  org.testng.internal.MethodInvocationHelper.invokeMethod(MethodInvocationHelper.java:80)
  org.testng.internal.Invoker.invokeMethod(Invoker.java:673)
  org.testng.internal.Invoker.invokeTestMethod(Invoker.java:842)
  org.testng.internal.Invoker.invokeTestMethods(Invoker.java:1166)
  org.testng.internal.TestMethodWorker.invokeTestMethods(TestMethodWorker.java:125)
  org.testng.internal.TestMethodWorker.run(TestMethodWorker.java:109)
  org.testng.TestRunner.runWorkers(TestRunner.java:1178)
  org.testng.TestRunner.privateRun(TestRunner.java:757)
  org.testng.TestRunner.run(TestRunner.java:608)
  org.testng.SuiteRunner.runTest(SuiteRunner.java:334)
  org.testng.SuiteRunner.runSequentially(SuiteRunner.java:329)
  org.testng.SuiteRunner.privateRun(SuiteRunner.java:291)
  org.testng.SuiteRunner.run(SuiteRunner.java:240)
  org.testng.SuiteRunnerWorker.runSuite(SuiteRunnerWorker.java:52)
  org.testng.SuiteRunnerWorker.run(SuiteRunnerWorker.java:86)
  org.testng.TestNG.runSuitesSequentially(TestNG.java:1158)
  org.testng.TestNG.runSuitesLocally(TestNG.java:1083)
  org.testng.TestNG.run(TestNG.java:999)
  org.apache.maven.surefire.testng.TestNGExecutor.run(TestNGExecutor.java:122)
  org.apache.maven.surefire.testng.TestNGXmlTestSuite.execute(TestNGXmlTestSuite.java:92)
  org.apache.maven.surefire.testng.TestNGProvider.invoke(TestNGProvider.java:101)
  sun.reflect.NativeMethodAccessorImpl.invoke0(Native Method)
  sun.reflect.NativeMethodAccessorImpl.invoke(Unknown Source)
  sun.reflect.DelegatingMethodAccessorImpl.invoke(Unknown Source)
  java.lang.reflect.Method.invoke(Unknown Source)
  org.apache.maven.surefire.util.ReflectionUtils.invokeMethodWithArray(ReflectionUtils.java:164)
  org.apache.maven.surefire.booter.ProviderFactory$ProviderProxy.invoke(ProviderFactory.java:110)
  org.apache.maven.surefire.booter.SurefireStarter.invokeProvider(SurefireStarter.java:175)
  org.apache.maven.surefire.booter.SurefireStarter.runSuitesInProcessWhenForked(SurefireStarter.java:107)
  org.apache.maven.surefire.booter.ForkedBooter.main(ForkedBooter.java:68)
Caused by: org.openqa.selenium.remote.ErrorHandler$UnknownServerException: Window not found. The browser window may have been closed.
Build info: version: '2.35.0', revision: '8df0c6bedf70ff9f22c647788f9fe9c8d22210e2', time: '2013-08-17 12:46:41'
System info: os.name: 'Windows 7', os.arch: 'x86', os.version: '6.1', java.version: '1.7.0_25'
Driver info: driver.version: unknown
  <anonymous class>.nsCommandProcessor.prototype.execute(file:///C:/Users/KARYNA~1.COM/AppData/Local/Temp/anonymous4225829428652989921webdriver-profile/extensions/fxdriver@googlecode.com/components/command_processor.js:10890)
  <anonymous class>.Dispatcher.executeAs/<(file:///C:/Users/KARYNA~1.COM/AppData/Local/Temp/anonymous4225829428652989921webdriver-profile/extensions/fxdriver@googlecode.com/components/driver_component.js:7750)
  <anonymous class>.Resource.prototype.handle(file:///C:/Users/KARYNA~1.COM/AppData/Local/Temp/anonymous4225829428652989921webdriver-profile/extensions/fxdriver@googlecode.com/components/driver_component.js:7896)
  <anonymous class>.Dispatcher.prototype.dispatch(file:///C:/Users/KARYNA~1.COM/AppData/Local/Temp/anonymous4225829428652989921webdriver-profile/extensions/fxdriver@googlecode.com/components/driver_component.js:7843)
  <anonymous class>.WebDriverServer/<.handle(file:///C:/Users/KARYNA~1.COM/AppData/Local/Temp/anonymous4225829428652989921webdriver-profile/extensions/fxdriver@googlecode.com/components/driver_component.js:10687)
  <anonymous class>.createHandlerFunc/<(file:///C:/Users/KARYNA~1.COM/AppData/Local/Temp/anonymous4225829428652989921webdriver-profile/extensions/fxdriver@googlecode.com/components/httpd.js:1935)
  <anonymous class>.ServerHandler.prototype.handleResponse(file:///C:/Users/KARYNA~1.COM/AppData/Local/Temp/anonymous4225829428652989921webdriver-profile/extensions/fxdriver@googlecode.com/components/httpd.js:2261)
  <anonymous class>.Connection.prototype.process(file:///C:/Users/KARYNA~1.COM/AppData/Local/Temp/anonymous4225829428652989921webdriver-profile/extensions/fxdriver@googlecode.com/components/httpd.js:1168)
  <anonymous class>.RequestReader.prototype._handleResponse(file:///C:/Users/KARYNA~1.COM/AppData/Local/Temp/anonymous4225829428652989921webdriver-profile/extensions/fxdriver@googlecode.com/components/httpd.js:1616)
  <anonymous class>.RequestReader.prototype._processBody(file:///C:/Users/KARYNA~1.COM/AppData/Local/Temp/anonymous4225829428652989921webdriver-profile/extensions/fxdriver@googlecode.com/components/httpd.js:1464)
  <anonymous class>.RequestReader.prototype.onInputStreamReady(file:///C:/Users/KARYNA~1.COM/AppData/Local/Temp/anonymous4225829428652989921webdriver-profile/extensions/fxdriver@googlecode.com/components/httpd.js:1333)
]]>
      </failure>

          </testcase>
  
  
  
</testsuite>
